#
# A fatal error has been detected by the Java Runtime Environment:
#
#  EXCEPTION_ACCESS_VIOLATION (0xc0000005) at pc=0x000000005a9b2d12, pid=17068, tid=0x000000000000414c
#
# JRE version: OpenJDK Runtime Environment (8.0_152-b01) (build 1.8.0_152-release-1343-b01)
# Java VM: OpenJDK 64-Bit Server VM (25.152-b01 mixed mode windows-amd64 compressed oops)
# Problematic frame:
# V  [jvm.dll+0x52d12]
#
# Failed to write core dump. Minidumps are not enabled by default on client versions of Windows
#
# If you would like to submit a bug report, please visit:
#   http://bugreport.java.com/bugreport/crash.jsp
#

---------------  T H R E A D  ---------------

Current thread (0x000000001f21a000):  JavaThread "Daemon worker Thread 13" [_thread_in_vm, id=16716, stack(0x000000001a980000,0x000000001aa80000)]

siginfo: ExceptionCode=0xc0000005, reading address 0xffffffffffffffff

Registers:
RAX=0x0000000002e6e0a0, RBX=0x4d656c62617461c0, RCX=0x0000000002e62150, RDX=0x0000000000004c01
RSP=0x000000001aa76d30, RBP=0x000000005ae80fbe, RSI=0x000000001aa76e30, RDI=0x0000000000000013
R8 =0x0000000026377577, R9 =0x0000000000000011, R10=0x0000000000000065, R11=0x000000005ae80fbe
R12=0x0000000000000011, R13=0x0000000026377577, R14=0x0000000002e62150, R15=0x0000000026377577
RIP=0x000000005a9b2d12, EFLAGS=0x0000000000010202

Top of Stack: (sp=0x000000001aa76d30)
0x000000001aa76d30:   000000001aa76e70 000000001aa76ef0
0x000000001aa76d40:   000000001aa76eb0 ffffffffffffffe0
0x000000001aa76d50:   00000000000002ed 00000000000002ed
0x000000001aa76d60:   000000001aa77550 000000005a9b2e04
0x000000001aa76d70:   0000000000000011 000000001aa76eb0
0x000000001aa76d80:   000000001aa76e30 0000000026377577
0x000000001aa76d90:   000000005ae80fbe 0000000000000011
0x000000001aa76da0:   0000000000000011 000000005a990499
0x000000001aa76db0:   0000000000000011 000000001f21a000
0x000000001aa76dc0:   000000001aa76eb0 000000001f21a000
0x000000001aa76dd0:   000000001aa76ef0 000000001aa76eb0
0x000000001aa76de0:   000000001aa76ed0 000000001f21a000
0x000000001aa76df0:   0000000000001100 00000cbe00000002
0x000000001aa76e00:   0000000000000200 0000000026374d70
0x000000001aa76e10:   00000000263a6dc9 0000000026377588
0x000000001aa76e20:   000000001aa77910 000000001aa77e01 

Instructions: (pc=0x000000005a9b2d12)
0x000000005a9b2cf2:   48 63 d2 33 ff 48 8b 1c d0 45 8b e1 4d 8b e8 4c
0x000000005a9b2d02:   8b f1 48 85 db 74 4a 8b 6c 24 60 0f 1f 00 ff c7
0x000000005a9b2d12:   39 2b 75 16 48 8b 73 10 45 8b c4 49 8b d5 48 8b
0x000000005a9b2d22:   ce e8 38 30 0c 00 84 c0 75 48 48 8b 5b 08 48 83 


Register to memory mapping:

RAX=0x0000000002e6e0a0 is an unknown value
RBX=0x4d656c62617461c0 is an unknown value
RCX=0x0000000002e62150 is an unknown value
RDX=0x0000000000004c01 is an unknown value
RSP=0x000000001aa76d30 is pointing into the stack for thread: 0x000000001f21a000
RBP=0x000000005ae80fbe is an unknown value
RSI=0x000000001aa76e30 is pointing into the stack for thread: 0x000000001f21a000
RDI=0x0000000000000013 is an unknown value
R8 =0x0000000026377577 is an unknown value
R9 =0x0000000000000011 is an unknown value
R10=0x0000000000000065 is an unknown value
R11=0x000000005ae80fbe is an unknown value
R12=0x0000000000000011 is an unknown value
R13=0x0000000026377577 is an unknown value
R14=0x0000000002e62150 is an unknown value
R15=0x0000000026377577 is an unknown value


Stack: [0x000000001a980000,0x000000001aa80000],  sp=0x000000001aa76d30,  free space=987k
Native frames: (J=compiled Java code, j=interpreted, Vv=VM code, C=native code)
V  [jvm.dll+0x52d12]
V  [jvm.dll+0x52e04]
V  [jvm.dll+0x30499]
V  [jvm.dll+0x30899]
V  [jvm.dll+0x38c40]
V  [jvm.dll+0x58014]
V  [jvm.dll+0x16c841]
V  [jvm.dll+0x16cbdb]
C  [java.dll+0x1ead]
C  0x00000000032620a5

Java frames: (J=compiled Java code, j=interpreted, Vv=VM code)
J 768  java.lang.ClassLoader.defineClass1(Ljava/lang/String;[BIILjava/security/ProtectionDomain;Ljava/lang/String;)Ljava/lang/Class; (0 bytes) @ 0x000000000326201f [0x0000000003261f80+0x9f]
J 5614 C2 java.net.URLClassLoader$1.run()Ljava/lang/Object; (5 bytes) @ 0x0000000004154a84 [0x00000000041531c0+0x18c4]
v  ~StubRoutines::call_stub
J 266  java.security.AccessController.doPrivileged(Ljava/security/PrivilegedExceptionAction;Ljava/security/AccessControlContext;)Ljava/lang/Object; (0 bytes) @ 0x00000000030e36e6 [0x00000000030e3680+0x66]
J 1336 C2 java.net.URLClassLoader.findClass(Ljava/lang/String;)Ljava/lang/Class; (47 bytes) @ 0x00000000033d8ff0 [0x00000000033d8f60+0x90]
J 3068 C2 java.lang.ClassLoader.loadClass(Ljava/lang/String;Z)Ljava/lang/Class; (122 bytes) @ 0x00000000034aff04 [0x00000000034afb00+0x404]
J 2131 C2 java.lang.ClassLoader.loadClass(Ljava/lang/String;)Ljava/lang/Class; (7 bytes) @ 0x000000000373ffc0 [0x000000000373ff80+0x40]
v  ~StubRoutines::call_stub
j  org.codehaus.groovy.antlr.AntlrParserPlugin.transformCSTIntoAST(Lorg/codehaus/groovy/control/SourceUnit;Ljava/io/Reader;Lorg/codehaus/groovy/antlr/SourceBuffer;)V+52
j  org.codehaus.groovy.antlr.AntlrParserPlugin.parseCST(Lorg/codehaus/groovy/control/SourceUnit;Ljava/io/Reader;)Lorg/codehaus/groovy/syntax/Reduction;+12
j  org.codehaus.groovy.control.SourceUnit.parse()V+63
j  org.codehaus.groovy.control.CompilationUnit$1.call(Lorg/codehaus/groovy/control/SourceUnit;)V+1
j  org.codehaus.groovy.control.CompilationUnit.applyToSourceUnits(Lorg/codehaus/groovy/control/CompilationUnit$SourceUnitOperation;)V+79
j  org.codehaus.groovy.control.CompilationUnit.doPhaseOperation(Ljava/lang/Object;)V+30
j  org.codehaus.groovy.control.CompilationUnit.processPhaseOperations(I)V+32
j  org.codehaus.groovy.control.CompilationUnit.compile(I)V+60
j  groovy.lang.GroovyClassLoader.doParseClass(Lgroovy/lang/GroovyCodeSource;)Ljava/lang/Class;+168
j  groovy.lang.GroovyClassLoader.access$300(Lgroovy/lang/GroovyClassLoader;Lgroovy/lang/GroovyCodeSource;)Ljava/lang/Class;+2
j  groovy.lang.GroovyClassLoader$5.provide(Ljava/lang/String;)Ljava/lang/Class;+8
j  groovy.lang.GroovyClassLoader$5.provide(Ljava/lang/Object;)Ljava/lang/Object;+5
j  org.codehaus.groovy.runtime.memoize.ConcurrentCommonCache.getAndPut(Ljava/lang/Object;Lorg/codehaus/groovy/runtime/memoize/MemoizeCache$ValueProvider;Z)Ljava/lang/Object;+115
j  groovy.lang.GroovyClassLoader.parseClass(Lgroovy/lang/GroovyCodeSource;Z)Ljava/lang/Class;+24
j  org.gradle.groovy.scripts.internal.DefaultScriptCompilationHandler.compileScript(Lorg/gradle/groovy/scripts/ScriptSource;Ljava/lang/ClassLoader;Lorg/codehaus/groovy/control/CompilerConfiguration;Ljava/io/File;Lorg/gradle/groovy/scripts/internal/CompileOperation;Lorg/gradle/api/Action;)V+153
j  org.gradle.groovy.scripts.internal.DefaultScriptCompilationHandler.compileToDir(Lorg/gradle/groovy/scripts/ScriptSource;Ljava/lang/ClassLoader;Ljava/io/File;Ljava/io/File;Lorg/gradle/groovy/scripts/internal/CompileOperation;Ljava/lang/Class;Lorg/gradle/api/Action;)V+38
j  org.gradle.groovy.scripts.internal.BuildOperationBackedScriptCompilationHandler$2.run(Lorg/gradle/internal/operations/BuildOperationContext;)V+35
J 21771 C2 org.gradle.internal.operations.DefaultBuildOperationExecutor.execute(Lorg/gradle/internal/operations/BuildOperation;Lorg/gradle/internal/operations/BuildOperationWorker;Lorg/gradle/internal/operations/DefaultBuildOperationExecutor$BuildOperationState;)V (336 bytes) @ 0x000000000676d300 [0x000000000676cb40+0x7c0]
J 21374 C2 org.gradle.internal.operations.DefaultBuildOperationExecutor.run(Lorg/gradle/internal/operations/RunnableBuildOperation;)V (28 bytes) @ 0x000000000664c2f8 [0x000000000664c1e0+0x118]
J 8634 C1 org.gradle.internal.operations.DelegatingBuildOperationExecutor.run(Lorg/gradle/internal/operations/RunnableBuildOperation;)V (11 bytes) @ 0x000000000306cd04 [0x000000000306cc00+0x104]
j  org.gradle.groovy.scripts.internal.BuildOperationBackedScriptCompilationHandler.compileToDir(Lorg/gradle/groovy/scripts/ScriptSource;Ljava/lang/ClassLoader;Ljava/io/File;Ljava/io/File;Lorg/gradle/groovy/scripts/internal/CompileOperation;Ljava/lang/Class;Lorg/gradle/api/Action;)V+23
j  org.gradle.groovy.scripts.internal.FileCacheBackedScriptClassCompiler$CompileToCrossBuildCacheAction.execute(Lorg/gradle/cache/PersistentCache;)V+47
j  org.gradle.groovy.scripts.internal.FileCacheBackedScriptClassCompiler$CompileToCrossBuildCacheAction.execute(Ljava/lang/Object;)V+5
j  org.gradle.groovy.scripts.internal.FileCacheBackedScriptClassCompiler$ProgressReportingInitializer.execute(Lorg/gradle/cache/PersistentCache;)V+30
j  org.gradle.groovy.scripts.internal.FileCacheBackedScriptClassCompiler$ProgressReportingInitializer.execute(Ljava/lang/Object;)V+5
j  org.gradle.cache.internal.DefaultPersistentDirectoryCache$Initializer.initialize(Lorg/gradle/cache/FileLock;)V+131
j  org.gradle.cache.internal.FixedSharedModeCrossProcessCacheAccess$1.run()V+11
J 17847 C2 org.gradle.cache.internal.DefaultFileLockManager$DefaultFileLock.doWriteAction(Ljava/lang/Runnable;)V (66 bytes) @ 0x0000000005d14cd8 [0x0000000005d12860+0x2478]
J 7256 C1 org.gradle.cache.internal.DefaultFileLockManager$DefaultFileLock.writeFile(Ljava/lang/Runnable;)V (10 bytes) @ 0x00000000043b709c [0x00000000043b6fa0+0xfc]
j  org.gradle.cache.internal.FixedSharedModeCrossProcessCacheAccess.open()V+181
j  org.gradle.cache.internal.DefaultCacheAccess.open()V+34
j  org.gradle.cache.internal.DefaultPersistentDirectoryStore.open()Lorg/gradle/cache/internal/DefaultPersistentDirectoryStore;+19
j  org.gradle.cache.internal.DefaultPersistentDirectoryStore.open()Lorg/gradle/cache/internal/ReferencablePersistentCache;+1
j  org.gradle.cache.internal.DefaultCacheFactory.doOpen(Ljava/io/File;Ljava/lang/String;Ljava/util/Map;Lorg/gradle/cache/CacheBuilder$LockTarget;Lorg/gradle/cache/LockOptions;Lorg/gradle/api/Action;Lorg/gradle/cache/CleanupAction;)Lorg/gradle/cache/PersistentCache;+109
j  org.gradle.cache.internal.DefaultCacheFactory.open(Ljava/io/File;Ljava/lang/String;Ljava/util/Map;Lorg/gradle/cache/CacheBuilder$LockTarget;Lorg/gradle/cache/LockOptions;Lorg/gradle/api/Action;Lorg/gradle/cache/CleanupAction;)Lorg/gradle/cache/PersistentCache;+21
j  org.gradle.cache.internal.DefaultCacheRepository$PersistentCacheBuilder.open()Lorg/gradle/cache/PersistentCache;+72
j  org.gradle.groovy.scripts.internal.FileCacheBackedScriptClassCompiler$RemapBuildScriptsAction.execute(Lorg/gradle/cache/PersistentCache;)V+181
j  org.gradle.groovy.scripts.internal.FileCacheBackedScriptClassCompiler$RemapBuildScriptsAction.execute(Ljava/lang/Object;)V+5
j  org.gradle.groovy.scripts.internal.FileCacheBackedScriptClassCompiler$ProgressReportingInitializer.execute(Lorg/gradle/cache/PersistentCache;)V+30
j  org.gradle.groovy.scripts.internal.FileCacheBackedScriptClassCompiler$ProgressReportingInitializer.execute(Ljava/lang/Object;)V+5
j  org.gradle.cache.internal.DefaultPersistentDirectoryCache$Initializer.initialize(Lorg/gradle/cache/FileLock;)V+131
j  org.gradle.cache.internal.FixedSharedModeCrossProcessCacheAccess$1.run()V+11
J 17847 C2 org.gradle.cache.internal.DefaultFileLockManager$DefaultFileLock.doWriteAction(Ljava/lang/Runnable;)V (66 bytes) @ 0x0000000005d14cd8 [0x0000000005d12860+0x2478]
J 7256 C1 org.gradle.cache.internal.DefaultFileLockManager$DefaultFileLock.writeFile(Ljava/lang/Runnable;)V (10 bytes) @ 0x00000000043b709c [0x00000000043b6fa0+0xfc]
j  org.gradle.cache.internal.FixedSharedModeCrossProcessCacheAccess.open()V+181
j  org.gradle.cache.internal.DefaultCacheAccess.open()V+34
j  org.gradle.cache.internal.DefaultPersistentDirectoryStore.open()Lorg/gradle/cache/internal/DefaultPersistentDirectoryStore;+19
j  org.gradle.cache.internal.DefaultPersistentDirectoryStore.open()Lorg/gradle/cache/internal/ReferencablePersistentCache;+1
j  org.gradle.cache.internal.DefaultCacheFactory.doOpen(Ljava/io/File;Ljava/lang/String;Ljava/util/Map;Lorg/gradle/cache/CacheBuilder$LockTarget;Lorg/gradle/cache/LockOptions;Lorg/gradle/api/Action;Lorg/gradle/cache/CleanupAction;)Lorg/gradle/cache/PersistentCache;+109
j  org.gradle.cache.internal.DefaultCacheFactory.open(Ljava/io/File;Ljava/lang/String;Ljava/util/Map;Lorg/gradle/cache/CacheBuilder$LockTarget;Lorg/gradle/cache/LockOptions;Lorg/gradle/api/Action;Lorg/gradle/cache/CleanupAction;)Lorg/gradle/cache/PersistentCache;+21
j  org.gradle.cache.internal.DefaultCacheRepository$PersistentCacheBuilder.open()Lorg/gradle/cache/PersistentCache;+72
j  org.gradle.groovy.scripts.internal.FileCacheBackedScriptClassCompiler.compile(Lorg/gradle/groovy/scripts/ScriptSource;Ljava/lang/ClassLoader;Lorg/gradle/api/internal/initialization/loadercache/ClassLoaderId;Lorg/gradle/groovy/scripts/internal/CompileOperation;Ljava/lang/Class;Lorg/gradle/api/Action;)Lorg/gradle/groovy/scripts/internal/CompiledScript;+307
j  org.gradle.groovy.scripts.internal.CrossBuildInMemoryCachingScriptClassCache.getOrCompile(Lorg/gradle/groovy/scripts/ScriptSource;Ljava/lang/ClassLoader;Lorg/gradle/api/internal/initialization/loadercache/ClassLoaderId;Lorg/gradle/groovy/scripts/internal/CompileOperation;Ljava/lang/Class;Lorg/gradle/api/Action;Lorg/gradle/groovy/scripts/internal/ScriptClassCompiler;)Lorg/gradle/groovy/scripts/internal/CompiledScript;+92
j  org.gradle.groovy.scripts.internal.BuildScopeInMemoryCachingScriptClassCompiler.compile(Lorg/gradle/groovy/scripts/ScriptSource;Ljava/lang/ClassLoader;Lorg/gradle/api/internal/initialization/loadercache/ClassLoaderId;Lorg/gradle/groovy/scripts/internal/CompileOperation;Ljava/lang/Class;Lorg/gradle/api/Action;)Lorg/gradle/groovy/scripts/internal/CompiledScript;+64
j  org.gradle.groovy.scripts.DefaultScriptCompilerFactory$ScriptCompilerImpl.compile(Ljava/lang/Class;Lorg/gradle/groovy/scripts/internal/CompileOperation;Ljava/lang/ClassLoader;Lorg/gradle/api/Action;)Lorg/gradle/groovy/scripts/ScriptRunner;+38
j  org.gradle.configuration.DefaultScriptPluginFactory$ScriptPluginImpl.apply(Ljava/lang/Object;)V+342
j  org.gradle.configuration.BuildOperationScriptPlugin$1$1.run(Lorg/gradle/internal/operations/BuildOperationContext;)V+17
J 21771 C2 org.gradle.internal.operations.DefaultBuildOperationExecutor.execute(Lorg/gradle/internal/operations/BuildOperation;Lorg/gradle/internal/operations/BuildOperationWorker;Lorg/gradle/internal/operations/DefaultBuildOperationExecutor$BuildOperationState;)V (336 bytes) @ 0x000000000676d300 [0x000000000676cb40+0x7c0]
J 21374 C2 org.gradle.internal.operations.DefaultBuildOperationExecutor.run(Lorg/gradle/internal/operations/RunnableBuildOperation;)V (28 bytes) @ 0x000000000664c2f8 [0x000000000664c1e0+0x118]
J 8634 C1 org.gradle.internal.operations.DelegatingBuildOperationExecutor.run(Lorg/gradle/internal/operations/RunnableBuildOperation;)V (11 bytes) @ 0x000000000306cd04 [0x000000000306cc00+0x104]
j  org.gradle.configuration.BuildOperationScriptPlugin$1.execute(Lorg/gradle/configuration/internal/UserCodeApplicationId;)V+16
j  org.gradle.configuration.BuildOperationScriptPlugin$1.execute(Ljava/lang/Object;)V+5
j  org.gradle.configuration.internal.DefaultUserCodeApplicationContext.apply(Lorg/gradle/api/Action;)V+19
j  org.gradle.configuration.BuildOperationScriptPlugin.apply(Ljava/lang/Object;)V+54
j  org.gradle.configuration.project.BuildScriptProcessor$1.run()V+8
J 20847 C1 org.gradle.internal.Factories$1.create()Ljava/lang/Object; (11 bytes) @ 0x0000000005fc3b04 [0x0000000005fc3a00+0x104]
j  org.gradle.api.internal.project.DefaultProjectStateRegistry$ProjectStateImpl.withMutableState(Lorg/gradle/internal/Factory;)Ljava/lang/Object;+59
j  org.gradle.api.internal.project.DefaultProjectStateRegistry$ProjectStateImpl.withMutableState(Ljava/lang/Runnable;)V+5
j  org.gradle.configuration.project.BuildScriptProcessor.execute(Lorg/gradle/api/internal/project/ProjectInternal;)V+88
j  org.gradle.configuration.project.BuildScriptProcessor.execute(Ljava/lang/Object;)V+5
j  org.gradle.configuration.project.ConfigureActionsProjectEvaluator.evaluate(Lorg/gradle/api/internal/project/ProjectInternal;Lorg/gradle/api/internal/project/ProjectStateInternal;)V+33
j  org.gradle.configuration.project.LifecycleProjectEvaluator$EvaluateProject$1.run()V+94
J 20847 C1 org.gradle.internal.Factories$1.create()Ljava/lang/Object; (11 bytes) @ 0x0000000005fc3b04 [0x0000000005fc3a00+0x104]
J 23901 C1 org.gradle.internal.work.DefaultWorkerLeaseService.withLocks(Ljava/lang/Iterable;Lorg/gradle/internal/Factory;)Ljava/lang/Object; (51 bytes) @ 0x0000000006dc4814 [0x0000000006dc4420+0x3f4]
j  org.gradle.internal.work.StopShieldingWorkerLeaseService.withLocks(Ljava/lang/Iterable;Lorg/gradle/internal/Factory;)Ljava/lang/Object;+6
j  org.gradle.api.internal.project.DefaultProjectStateRegistry$ProjectStateImpl.withProjectLock(Lorg/gradle/internal/resources/ResourceLock;Lorg/gradle/internal/Factory;)Ljava/lang/Object;+12
j  org.gradle.api.internal.project.DefaultProjectStateRegistry$ProjectStateImpl.withMutableState(Lorg/gradle/internal/Factory;)Ljava/lang/Object;+134
j  org.gradle.api.internal.project.DefaultProjectStateRegistry$ProjectStateImpl.withMutableState(Ljava/lang/Runnable;)V+5
j  org.gradle.configuration.project.LifecycleProjectEvaluator$EvaluateProject.run(Lorg/gradle/internal/operations/BuildOperationContext;)V+18
J 21771 C2 org.gradle.internal.operations.DefaultBuildOperationExecutor.execute(Lorg/gradle/internal/operations/BuildOperation;Lorg/gradle/internal/operations/BuildOperationWorker;Lorg/gradle/internal/operations/DefaultBuildOperationExecutor$BuildOperationState;)V (336 bytes) @ 0x000000000676d300 [0x000000000676cb40+0x7c0]
J 21374 C2 org.gradle.internal.operations.DefaultBuildOperationExecutor.run(Lorg/gradle/internal/operations/RunnableBuildOperation;)V (28 bytes) @ 0x000000000664c2f8 [0x000000000664c1e0+0x118]
J 8634 C1 org.gradle.internal.operations.DelegatingBuildOperationExecutor.run(Lorg/gradle/internal/operations/RunnableBuildOperation;)V (11 bytes) @ 0x000000000306cd04 [0x000000000306cc00+0x104]
j  org.gradle.configuration.project.LifecycleProjectEvaluator.evaluate(Lorg/gradle/api/internal/project/ProjectInternal;Lorg/gradle/api/internal/project/ProjectStateInternal;)V+22
j  org.gradle.api.internal.project.DefaultProject.evaluate()Lorg/gradle/api/internal/project/DefaultProject;+9
j  org.gradle.api.internal.project.DefaultProject.evaluate()Lorg/gradle/api/Project;+1
j  org.gradle.execution.TaskPathProjectEvaluator.configure(Lorg/gradle/api/internal/project/ProjectInternal;)V+21
j  org.gradle.execution.TaskPathProjectEvaluator.configureHierarchy(Lorg/gradle/api/internal/project/ProjectInternal;)V+41
j  org.gradle.configuration.DefaultBuildConfigurer.configure(Lorg/gradle/api/internal/GradleInternal;)V+63
j  org.gradle.initialization.DefaultGradleLauncher$ConfigureBuild.run(Lorg/gradle/internal/operations/BuildOperationContext;)V+40
J 21771 C2 org.gradle.internal.operations.DefaultBuildOperationExecutor.execute(Lorg/gradle/internal/operations/BuildOperation;Lorg/gradle/internal/operations/BuildOperationWorker;Lorg/gradle/internal/operations/DefaultBuildOperationExecutor$BuildOperationState;)V (336 bytes) @ 0x000000000676d300 [0x000000000676cb40+0x7c0]
J 21374 C2 org.gradle.internal.operations.DefaultBuildOperationExecutor.run(Lorg/gradle/internal/operations/RunnableBuildOperation;)V (28 bytes) @ 0x000000000664c2f8 [0x000000000664c1e0+0x118]
J 8634 C1 org.gradle.internal.operations.DelegatingBuildOperationExecutor.run(Lorg/gradle/internal/operations/RunnableBuildOperation;)V (11 bytes) @ 0x000000000306cd04 [0x000000000306cc00+0x104]
j  org.gradle.initialization.DefaultGradleLauncher.configureBuild()V+23
j  org.gradle.initialization.DefaultGradleLauncher.doBuildStages(Lorg/gradle/initialization/DefaultGradleLauncher$Stage;)V+13
j  org.gradle.initialization.DefaultGradleLauncher.executeTasks()Lorg/gradle/api/internal/GradleInternal;+4
j  org.gradle.internal.invocation.GradleBuildController$1.execute(Lorg/gradle/initialization/GradleLauncher;)V+1
j  org.gradle.internal.invocation.GradleBuildController$1.execute(Ljava/lang/Object;)V+5
j  org.gradle.internal.invocation.GradleBuildController$3.create()Lorg/gradle/api/internal/GradleInternal;+31
j  org.gradle.internal.invocation.GradleBuildController$3.create()Ljava/lang/Object;+1
J 23901 C1 org.gradle.internal.work.DefaultWorkerLeaseService.withLocks(Ljava/lang/Iterable;Lorg/gradle/internal/Factory;)Ljava/lang/Object; (51 bytes) @ 0x0000000006dc4814 [0x0000000006dc4420+0x3f4]
j  org.gradle.internal.work.StopShieldingWorkerLeaseService.withLocks(Ljava/lang/Iterable;Lorg/gradle/internal/Factory;)Ljava/lang/Object;+6
j  org.gradle.internal.invocation.GradleBuildController.doBuild(Lorg/gradle/api/internal/GradleInternal$BuildType;Lorg/gradle/api/Action;)Lorg/gradle/api/internal/GradleInternal;+26
j  org.gradle.internal.invocation.GradleBuildController.run()Lorg/gradle/api/internal/GradleInternal;+12
j  org.gradle.tooling.internal.provider.runner.ClientProvidedPhasedActionRunner.run(Lorg/gradle/internal/invocation/BuildAction;Lorg/gradle/internal/invocation/BuildController;)Lorg/gradle/internal/invocation/BuildActionRunner$Result;+92
j  org.gradle.launcher.exec.ChainingBuildActionRunner.run(Lorg/gradle/internal/invocation/BuildAction;Lorg/gradle/internal/invocation/BuildController;)Lorg/gradle/internal/invocation/BuildActionRunner$Result;+34
j  org.gradle.launcher.exec.ChainingBuildActionRunner.run(Lorg/gradle/internal/invocation/BuildAction;Lorg/gradle/internal/invocation/BuildController;)Lorg/gradle/internal/invocation/BuildActionRunner$Result;+34
j  org.gradle.launcher.exec.BuildOutcomeReportingBuildActionRunner.run(Lorg/gradle/internal/invocation/BuildAction;Lorg/gradle/internal/invocation/BuildController;)Lorg/gradle/internal/invocation/BuildActionRunner$Result;+143
j  org.gradle.tooling.internal.provider.ValidatingBuildActionRunner.run(Lorg/gradle/internal/invocation/BuildAction;Lorg/gradle/internal/invocation/BuildController;)Lorg/gradle/internal/invocation/BuildActionRunner$Result;+6
j  org.gradle.launcher.exec.BuildCompletionNotifyingBuildActionRunner.run(Lorg/gradle/internal/invocation/BuildAction;Lorg/gradle/internal/invocation/BuildController;)Lorg/gradle/internal/invocation/BuildActionRunner$Result;+28
j  org.gradle.launcher.exec.RunAsBuildOperationBuildActionRunner$3.call(Lorg/gradle/internal/operations/BuildOperationContext;)Lorg/gradle/internal/invocation/BuildActionRunner$Result;+68
j  org.gradle.launcher.exec.RunAsBuildOperationBuildActionRunner$3.call(Lorg/gradle/internal/operations/BuildOperationContext;)Ljava/lang/Object;+2
J 21771 C2 org.gradle.internal.operations.DefaultBuildOperationExecutor.execute(Lorg/gradle/internal/operations/BuildOperation;Lorg/gradle/internal/operations/BuildOperationWorker;Lorg/gradle/internal/operations/DefaultBuildOperationExecutor$BuildOperationState;)V (336 bytes) @ 0x000000000676d33c [0x000000000676cb40+0x7fc]
J 20629 C2 org.gradle.internal.operations.DelegatingBuildOperationExecutor.call(Lorg/gradle/internal/operations/CallableBuildOperation;)Ljava/lang/Object; (11 bytes) @ 0x0000000004fcc28c [0x0000000004fcc120+0x16c]
j  org.gradle.launcher.exec.RunAsBuildOperationBuildActionRunner.run(Lorg/gradle/internal/invocation/BuildAction;Lorg/gradle/internal/invocation/BuildController;)Lorg/gradle/internal/invocation/BuildActionRunner$Result;+33
j  org.gradle.launcher.exec.InProcessBuildActionExecuter$1.transform(Lorg/gradle/internal/invocation/BuildController;)Lorg/gradle/launcher/exec/BuildActionResult;+12
j  org.gradle.launcher.exec.InProcessBuildActionExecuter$1.transform(Ljava/lang/Object;)Ljava/lang/Object;+5
j  org.gradle.composite.internal.DefaultRootBuildState.run(Lorg/gradle/api/Transformer;)Ljava/lang/Object;+35
j  org.gradle.launcher.exec.InProcessBuildActionExecuter.execute(Lorg/gradle/internal/invocation/BuildAction;Lorg/gradle/initialization/BuildRequestContext;Lorg/gradle/launcher/exec/BuildActionParameters;Lorg/gradle/internal/service/ServiceRegistry;)Lorg/gradle/launcher/exec/BuildActionResult;+82
j  org.gradle.launcher.exec.InProcessBuildActionExecuter.execute(Lorg/gradle/internal/invocation/BuildAction;Lorg/gradle/initialization/BuildRequestContext;Ljava/lang/Object;Lorg/gradle/internal/service/ServiceRegistry;)Lorg/gradle/launcher/exec/BuildActionResult;+9
j  org.gradle.launcher.exec.BuildTreeScopeBuildActionExecuter.execute(Lorg/gradle/internal/invocation/BuildAction;Lorg/gradle/initialization/BuildRequestContext;Lorg/gradle/launcher/exec/BuildActionParameters;Lorg/gradle/internal/service/ServiceRegistry;)Lorg/gradle/launcher/exec/BuildActionResult;+38
j  org.gradle.launcher.exec.BuildTreeScopeBuildActionExecuter.execute(Lorg/gradle/internal/invocation/BuildAction;Lorg/gradle/initialization/BuildRequestContext;Ljava/lang/Object;Lorg/gradle/internal/service/ServiceRegistry;)Lorg/gradle/launcher/exec/BuildActionResult;+9
j  org.gradle.tooling.internal.provider.ContinuousBuildActionExecuter.execute(Lorg/gradle/internal/invocation/BuildAction;Lorg/gradle/initialization/BuildRequestContext;Lorg/gradle/launcher/exec/BuildActionParameters;Lorg/gradle/internal/service/ServiceRegistry;)Lorg/gradle/launcher/exec/BuildActionResult;+58
j  org.gradle.tooling.internal.provider.ContinuousBuildActionExecuter.execute(Lorg/gradle/internal/invocation/BuildAction;Lorg/gradle/initialization/BuildRequestContext;Ljava/lang/Object;Lorg/gradle/internal/service/ServiceRegistry;)Lorg/gradle/launcher/exec/BuildActionResult;+9
j  org.gradle.tooling.internal.provider.SubscribableBuildActionExecuter.execute(Lorg/gradle/internal/invocation/BuildAction;Lorg/gradle/initialization/BuildRequestContext;Lorg/gradle/launcher/exec/BuildActionParameters;Lorg/gradle/internal/service/ServiceRegistry;)Lorg/gradle/launcher/exec/BuildActionResult;+45
j  org.gradle.tooling.internal.provider.SubscribableBuildActionExecuter.execute(Lorg/gradle/internal/invocation/BuildAction;Lorg/gradle/initialization/BuildRequestContext;Ljava/lang/Object;Lorg/gradle/internal/service/ServiceRegistry;)Lorg/gradle/launcher/exec/BuildActionResult;+9
j  org.gradle.tooling.internal.provider.SessionScopeBuildActionExecuter.execute(Lorg/gradle/internal/invocation/BuildAction;Lorg/gradle/initialization/BuildRequestContext;Lorg/gradle/launcher/exec/BuildActionParameters;Lorg/gradle/internal/service/ServiceRegistry;)Lorg/gradle/launcher/exec/BuildActionResult;+117
j  org.gradle.tooling.internal.provider.SessionScopeBuildActionExecuter.execute(Lorg/gradle/internal/invocation/BuildAction;Lorg/gradle/initialization/BuildRequestContext;Ljava/lang/Object;Lorg/gradle/internal/service/ServiceRegistry;)Lorg/gradle/launcher/exec/BuildActionResult;+9
j  org.gradle.tooling.internal.provider.GradleThreadBuildActionExecuter.execute(Lorg/gradle/internal/invocation/BuildAction;Lorg/gradle/initialization/BuildRequestContext;Lorg/gradle/launcher/exec/BuildActionParameters;Lorg/gradle/internal/service/ServiceRegistry;)Lorg/gradle/launcher/exec/BuildActionResult;+12
j  org.gradle.tooling.internal.provider.GradleThreadBuildActionExecuter.execute(Lorg/gradle/internal/invocation/BuildAction;Lorg/gradle/initialization/BuildRequestContext;Ljava/lang/Object;Lorg/gradle/internal/service/ServiceRegistry;)Lorg/gradle/launcher/exec/BuildActionResult;+9
j  org.gradle.tooling.internal.provider.ParallelismConfigurationBuildActionExecuter.execute(Lorg/gradle/internal/invocation/BuildAction;Lorg/gradle/initialization/BuildRequestContext;Lorg/gradle/launcher/exec/BuildActionParameters;Lorg/gradle/internal/service/ServiceRegistry;)Lorg/gradle/launcher/exec/BuildActionResult;+43
j  org.gradle.tooling.internal.provider.ParallelismConfigurationBuildActionExecuter.execute(Lorg/gradle/internal/invocation/BuildAction;Lorg/gradle/initialization/BuildRequestContext;Ljava/lang/Object;Lorg/gradle/internal/service/ServiceRegistry;)Lorg/gradle/launcher/exec/BuildActionResult;+9
j  org.gradle.tooling.internal.provider.StartParamsValidatingActionExecuter.execute(Lorg/gradle/internal/invocation/BuildAction;Lorg/gradle/initialization/BuildRequestContext;Lorg/gradle/launcher/exec/BuildActionParameters;Lorg/gradle/internal/service/ServiceRegistry;)Lorg/gradle/launcher/exec/BuildActionResult;+177
j  org.gradle.tooling.internal.provider.StartParamsValidatingActionExecuter.execute(Lorg/gradle/internal/invocation/BuildAction;Lorg/gradle/initialization/BuildRequestContext;Ljava/lang/Object;Lorg/gradle/internal/service/ServiceRegistry;)Lorg/gradle/launcher/exec/BuildActionResult;+9
j  org.gradle.tooling.internal.provider.SessionFailureReportingActionExecuter.execute(Lorg/gradle/internal/invocation/BuildAction;Lorg/gradle/initialization/BuildRequestContext;Lorg/gradle/launcher/exec/BuildActionParameters;Lorg/gradle/internal/service/ServiceRegistry;)Lorg/gradle/launcher/exec/BuildActionResult;+9
j  org.gradle.tooling.internal.provider.SessionFailureReportingActionExecuter.execute(Lorg/gradle/internal/invocation/BuildAction;Lorg/gradle/initialization/BuildRequestContext;Ljava/lang/Object;Lorg/gradle/internal/service/ServiceRegistry;)Lorg/gradle/launcher/exec/BuildActionResult;+9
j  org.gradle.tooling.internal.provider.SetupLoggingActionExecuter.execute(Lorg/gradle/internal/invocation/BuildAction;Lorg/gradle/initialization/BuildRequestContext;Lorg/gradle/launcher/exec/BuildActionParameters;Lorg/gradle/internal/service/ServiceRegistry;)Lorg/gradle/launcher/exec/BuildActionResult;+52
j  org.gradle.tooling.internal.provider.SetupLoggingActionExecuter.execute(Lorg/gradle/internal/invocation/BuildAction;Lorg/gradle/initialization/BuildRequestContext;Ljava/lang/Object;Lorg/gradle/internal/service/ServiceRegistry;)Lorg/gradle/launcher/exec/BuildActionResult;+9
j  org.gradle.launcher.daemon.server.exec.ExecuteBuild.doBuild(Lorg/gradle/launcher/daemon/server/api/DaemonCommandExecution;Lorg/gradle/launcher/daemon/protocol/Build;)V+118
j  org.gradle.launcher.daemon.server.exec.BuildCommandOnly.execute(Lorg/gradle/launcher/daemon/server/api/DaemonCommandExecution;)V+49
j  org.gradle.launcher.daemon.server.api.DaemonCommandExecution.proceed()Z+28
j  org.gradle.launcher.daemon.server.exec.WatchForDisconnection.execute(Lorg/gradle/launcher/daemon/server/api/DaemonCommandExecution;)V+19
j  org.gradle.launcher.daemon.server.api.DaemonCommandExecution.proceed()Z+28
j  org.gradle.launcher.daemon.server.exec.ResetDeprecationLogger.execute(Lorg/gradle/launcher/daemon/server/api/DaemonCommandExecution;)V+4
j  org.gradle.launcher.daemon.server.api.DaemonCommandExecution.proceed()Z+28
j  org.gradle.launcher.daemon.server.exec.RequestStopIfSingleUsedDaemon.execute(Lorg/gradle/launcher/daemon/server/api/DaemonCommandExecution;)V+33
j  org.gradle.launcher.daemon.server.api.DaemonCommandExecution.proceed()Z+28
j  org.gradle.launcher.daemon.server.exec.ForwardClientInput$2.call()Ljava/lang/Void;+4
j  org.gradle.launcher.daemon.server.exec.ForwardClientInput$2.call()Ljava/lang/Object;+1
j  org.gradle.util.Swapper.swap(Ljava/lang/Object;Ljava/util/concurrent/Callable;)Ljava/lang/Object;+21
j  org.gradle.launcher.daemon.server.exec.ForwardClientInput.execute(Lorg/gradle/launcher/daemon/server/api/DaemonCommandExecution;)V+63
j  org.gradle.launcher.daemon.server.api.DaemonCommandExecution.proceed()Z+28
j  org.gradle.launcher.daemon.server.exec.LogAndCheckHealth.execute(Lorg/gradle/launcher/daemon/server/api/DaemonCommandExecution;)V+28
j  org.gradle.launcher.daemon.server.api.DaemonCommandExecution.proceed()Z+28
j  org.gradle.launcher.daemon.server.exec.LogToClient.doBuild(Lorg/gradle/launcher/daemon/server/api/DaemonCommandExecution;Lorg/gradle/launcher/daemon/protocol/Build;)V+87
j  org.gradle.launcher.daemon.server.exec.BuildCommandOnly.execute(Lorg/gradle/launcher/daemon/server/api/DaemonCommandExecution;)V+49
j  org.gradle.launcher.daemon.server.api.DaemonCommandExecution.proceed()Z+28
j  org.gradle.launcher.daemon.server.exec.EstablishBuildEnvironment.doBuild(Lorg/gradle/launcher/daemon/server/api/DaemonCommandExecution;Lorg/gradle/launcher/daemon/protocol/Build;)V+355
j  org.gradle.launcher.daemon.server.exec.BuildCommandOnly.execute(Lorg/gradle/launcher/daemon/server/api/DaemonCommandExecution;)V+49
j  org.gradle.launcher.daemon.server.api.DaemonCommandExecution.proceed()Z+28
j  org.gradle.launcher.daemon.server.exec.StartBuildOrRespondWithBusy$1.run()V+44
j  org.gradle.launcher.daemon.server.DaemonStateCoordinator$1.run()V+4
J 23667 C2 org.gradle.internal.concurrent.ManagedExecutorImpl$1.run()V (59 bytes) @ 0x0000000006d5be1c [0x0000000006d5bc60+0x1bc]
J 20913 C1 java.util.concurrent.ThreadPoolExecutor.runWorker(Ljava/util/concurrent/ThreadPoolExecutor$Worker;)V (225 bytes) @ 0x000000000650e9e4 [0x000000000650d9a0+0x1044]
J 23283 C1 java.util.concurrent.ThreadPoolExecutor$Worker.run()V (9 bytes) @ 0x00000000031ac204 [0x00000000031ac100+0x104]
J 23875 C1 org.gradle.internal.concurrent.ThreadFactoryImpl$ManagedThreadRunnable.run()V (13 bytes) @ 0x0000000006dbb434 [0x0000000006dbaee0+0x554]
J 23242 C1 java.lang.Thread.run()V (17 bytes) @ 0x00000000035acb44 [0x00000000035aca00+0x144]
v  ~StubRoutines::call_stub

---------------  P R O C E S S  ---------------

Java Threads: ( => current thread )
  0x000000001c206800 JavaThread "Build operations Thread 4" [_thread_blocked, id=10528, stack(0x0000000021560000,0x0000000021660000)]
  0x000000001c203800 JavaThread "Build operations Thread 3" [_thread_blocked, id=11392, stack(0x0000000021240000,0x0000000021340000)]
  0x000000001c1ff800 JavaThread "Build operations Thread 2" [_thread_blocked, id=11152, stack(0x0000000021140000,0x0000000021240000)]
  0x000000001f225800 JavaThread "Build operations" [_thread_blocked, id=12356, stack(0x000000001fe80000,0x000000001ff80000)]
  0x000000001f224000 JavaThread "Cache worker for cache directory md-rule (C:\Users\Ashfaque\.gradle\caches\5.1.1\md-rule)" [_thread_blocked, id=6204, stack(0x000000001eac0000,0x000000001ebc0000)]
  0x000000001f227800 JavaThread "Cache worker for cache directory md-supplier (C:\Users\Ashfaque\.gradle\caches\5.1.1\md-supplier)" [_thread_blocked, id=12776, stack(0x000000001d920000,0x000000001da20000)]
  0x000000001f21e000 JavaThread "Cache worker for file hash cache (E:\AndroidStudioProjects\Muslim_Teli_Contact_Book\.gradle\5.1.1\fileHashes)" [_thread_blocked, id=10580, stack(0x000000001d620000,0x000000001d720000)]
  0x000000001f223000 JavaThread "Thread-300" [_thread_blocked, id=12560, stack(0x000000001b080000,0x000000001b180000)]
  0x000000001f221800 JavaThread "Stdin handler" [_thread_blocked, id=12708, stack(0x000000001ad80000,0x000000001ae80000)]
  0x000000001f222800 JavaThread "Asynchronous log dispatcher for DefaultDaemonConnection: socket connection from /127.0.0.1:55431 to /127.0.0.1:60769" [_thread_blocked, id=7340, stack(0x000000001ac80000,0x000000001ad80000)]
=>0x000000001f21a000 JavaThread "Daemon worker Thread 13" [_thread_in_vm, id=16716, stack(0x000000001a980000,0x000000001aa80000)]
  0x000000001f220000 JavaThread "Cancel handler" [_thread_blocked, id=13492, stack(0x000000001a880000,0x000000001a980000)]
  0x000000001f219800 JavaThread "Handler for socket connection from /127.0.0.1:55431 to /127.0.0.1:60769" [_thread_in_native, id=4316, stack(0x0000000001380000,0x0000000001480000)]
  0x000000001f21d000 JavaThread "Daemon Thread 13" [_thread_blocked, id=9124, stack(0x0000000001280000,0x0000000001380000)]
  0x000000001f21c800 JavaThread "Cache worker for Java compile cache (C:\Users\Ashfaque\.gradle\caches\5.1.1\javaCompile)" [_thread_blocked, id=11256, stack(0x0000000024180000,0x0000000024280000)]
  0x000000001ddfc000 JavaThread "Cache worker for file content cache (C:\Users\Ashfaque\.gradle\caches\5.1.1\fileContent)" [_thread_blocked, id=9524, stack(0x0000000022960000,0x0000000022a60000)]
  0x000000001ddf6000 JavaThread "Memory manager" [_thread_blocked, id=16432, stack(0x0000000022860000,0x0000000022960000)]
  0x000000001ddf5800 JavaThread "Cache worker for execution history cache (C:\Users\Ashfaque\.gradle\caches\5.1.1\executionHistory)" [_thread_blocked, id=6480, stack(0x0000000020840000,0x0000000020940000)]
  0x0000000019aa0000 JavaThread "Cache worker for journal cache (C:\Users\Ashfaque\.gradle\caches\journal-1)" [_thread_blocked, id=13708, stack(0x000000001b380000,0x000000001b480000)]
  0x0000000019a9f800 JavaThread "File lock request listener" [_thread_in_native, id=14972, stack(0x000000001b280000,0x000000001b380000)]
  0x0000000019aa7800 JavaThread "Cache worker for file hash cache (C:\Users\Ashfaque\.gradle\caches\5.1.1\fileHashes)" [_thread_blocked, id=7972, stack(0x000000001b180000,0x000000001b280000)]
  0x000000001950b800 JavaThread "Daemon periodic checks" [_thread_blocked, id=2732, stack(0x000000001a780000,0x000000001a880000)]
  0x00000000194db000 JavaThread "Incoming local TCP Connector on port 55431" [_thread_in_native, id=5752, stack(0x000000001a540000,0x000000001a640000)]
  0x0000000018260800 JavaThread "Service Thread" daemon [_thread_blocked, id=13072, stack(0x0000000018630000,0x0000000018730000)]
  0x00000000168c4000 JavaThread "C1 CompilerThread2" daemon [_thread_blocked, id=14300, stack(0x0000000018130000,0x0000000018230000)]
  0x00000000168cf000 JavaThread "C2 CompilerThread1" daemon [_thread_blocked, id=6016, stack(0x0000000018030000,0x0000000018130000)]
  0x00000000168ba800 JavaThread "C2 CompilerThread0" daemon [_thread_blocked, id=16640, stack(0x0000000017f30000,0x0000000018030000)]
  0x00000000168c6800 JavaThread "Attach Listener" daemon [_thread_blocked, id=12688, stack(0x0000000017e30000,0x0000000017f30000)]
  0x00000000168c5000 JavaThread "Signal Dispatcher" daemon [_thread_blocked, id=12704, stack(0x0000000017d30000,0x0000000017e30000)]
  0x0000000002f4b000 JavaThread "Finalizer" daemon [_thread_blocked, id=820, stack(0x0000000017b30000,0x0000000017c30000)]
  0x0000000002f40000 JavaThread "Reference Handler" daemon [_thread_blocked, id=17040, stack(0x0000000017a30000,0x0000000017b30000)]
  0x0000000002e4e000 JavaThread "main" [_thread_blocked, id=10468, stack(0x0000000002d20000,0x0000000002e20000)]

Other Threads:
  0x0000000016886800 VMThread [stack: 0x0000000017930000,0x0000000017a30000] [id=15156]
  0x000000001691d800 WatcherThread [stack: 0x0000000018730000,0x0000000018830000] [id=7324]

VM state:not at safepoint (normal execution)

VM Mutex/Monitor currently owned by a thread: None

Heap:
 PSYoungGen      total 376832K, used 87517K [0x00000000e0000000, 0x00000000ff100000, 0x0000000100000000)
  eden space 264192K, 28% used [0x00000000e0000000,0x00000000e4a1bb80,0x00000000f0200000)
  from space 112640K, 10% used [0x00000000f8300000,0x00000000f8e5bb10,0x00000000ff100000)
  to   space 122368K, 0% used [0x00000000f0200000,0x00000000f0200000,0x00000000f7980000)
 ParOldGen       total 344576K, used 266740K [0x00000000a0000000, 0x00000000b5080000, 0x00000000e0000000)
  object space 344576K, 77% used [0x00000000a0000000,0x00000000b047d318,0x00000000b5080000)
 Metaspace       used 96594K, capacity 101580K, committed 101912K, reserved 1138688K
  class space    used 12158K, capacity 13009K, committed 13096K, reserved 1048576K

Card table byte_map: [0x0000000012310000,0x0000000012620000] byte_map_base: 0x0000000011e10000

Marking Bits: (ParMarkBitMap*) 0x000000005b125aa0
 Begin Bits: [0x0000000012c20000, 0x0000000014420000)
 End Bits:   [0x0000000014420000, 0x0000000015c20000)

Polling page: 0x0000000000ff0000

CodeCache: size=245760Kb used=67063Kb max_used=67089Kb free=178696Kb
 bounds [0x0000000002f50000, 0x0000000007150000, 0x0000000011f50000]
 total_blobs=19662 nmethods=18770 adapters=802
 compilation: enabled

Compilation events (10 events):
Event: 7066.769 Thread 0x00000000168cf000 nmethod 24919 0x0000000004f2fe10 code [0x0000000004f2ff60, 0x0000000004f30378]
Event: 7066.769 Thread 0x00000000168cf000 24918       4       org.gradle.api.internal.artifacts.transform.AttributeMatchingVariantSelector::doSelect (426 bytes)
Event: 7066.821 Thread 0x00000000168ba800 nmethod 24916 0x0000000006208110 code [0x0000000006208560, 0x000000000620b4c0]
Event: 7066.823 Thread 0x00000000168c4000 24924       3       java.lang.ThreadLocal$ThreadLocalMap::resize (129 bytes)
Event: 7066.824 Thread 0x00000000168c4000 nmethod 24924 0x0000000004f2efd0 code [0x0000000004f2f180, 0x0000000004f2f9f0]
Event: 7066.985 Thread 0x00000000168cf000 nmethod 24918 0x0000000007130a10 code [0x0000000007131000, 0x0000000007135bd0]
Event: 7067.047 Thread 0x00000000168c4000 24925       3       groovyjarjarantlr.ANTLRHashString::charAt (25 bytes)
Event: 7067.047 Thread 0x00000000168cf000 24926  s    4       java.util.Hashtable::put (104 bytes)
Event: 7067.048 Thread 0x00000000168c4000 nmethod 24925 0x0000000004f31a10 code [0x0000000004f31ba0, 0x0000000004f31fa8]
Event: 7067.055 Thread 0x00000000168cf000 nmethod 24926 0x0000000004f30d50 code [0x0000000004f30ec0, 0x0000000004f31668]

GC Heap History (10 events):
Event: 6562.504 GC heap before
{Heap before GC invocations=42 (full 4):
 PSYoungGen      total 387584K, used 387508K [0x00000000e0000000, 0x0000000100000000, 0x0000000100000000)
  eden space 301568K, 100% used [0x00000000e0000000,0x00000000f2680000,0x00000000f2680000)
  from space 86016K, 99% used [0x00000000f2680000,0x00000000f7a6d298,0x00000000f7a80000)
  to   space 123392K, 0% used [0x00000000f8780000,0x00000000f8780000,0x0000000100000000)
 ParOldGen       total 344576K, used 266180K [0x00000000a0000000, 0x00000000b5080000, 0x00000000e0000000)
  object space 344576K, 77% used [0x00000000a0000000,0x00000000b03f1318,0x00000000b5080000)
 Metaspace       used 94034K, capacity 98196K, committed 98456K, reserved 1134592K
  class space    used 11855K, capacity 12608K, committed 12712K, reserved 1048576K
Event: 6562.571 GC heap after
Heap after GC invocations=42 (full 4):
 PSYoungGen      total 404992K, used 2800K [0x00000000e0000000, 0x0000000100000000, 0x0000000100000000)
  eden space 281600K, 0% used [0x00000000e0000000,0x00000000e0000000,0x00000000f1300000)
  from space 123392K, 2% used [0x00000000f8780000,0x00000000f8a3c118,0x0000000100000000)
  to   space 119296K, 0% used [0x00000000f1300000,0x00000000f1300000,0x00000000f8780000)
 ParOldGen       total 344576K, used 266332K [0x00000000a0000000, 0x00000000b5080000, 0x00000000e0000000)
  object space 344576K, 77% used [0x00000000a0000000,0x00000000b0417318,0x00000000b5080000)
 Metaspace       used 94034K, capacity 98196K, committed 98456K, reserved 1134592K
  class space    used 11855K, capacity 12608K, committed 12712K, reserved 1048576K
}
Event: 6568.008 GC heap before
{Heap before GC invocations=43 (full 4):
 PSYoungGen      total 404992K, used 284400K [0x00000000e0000000, 0x0000000100000000, 0x0000000100000000)
  eden space 281600K, 100% used [0x00000000e0000000,0x00000000f1300000,0x00000000f1300000)
  from space 123392K, 2% used [0x00000000f8780000,0x00000000f8a3c118,0x0000000100000000)
  to   space 119296K, 0% used [0x00000000f1300000,0x00000000f1300000,0x00000000f8780000)
 ParOldGen       total 344576K, used 266332K [0x00000000a0000000, 0x00000000b5080000, 0x00000000e0000000)
  object space 344576K, 77% used [0x00000000a0000000,0x00000000b0417318,0x00000000b5080000)
 Metaspace       used 94246K, capacity 98430K, committed 98712K, reserved 1134592K
  class space    used 11859K, capacity 12615K, committed 12712K, reserved 1048576K
Event: 6568.075 GC heap after
Heap after GC invocations=43 (full 4):
 PSYoungGen      total 301568K, used 19616K [0x00000000e0000000, 0x00000000fef00000, 0x0000000100000000)
  eden space 281600K, 0% used [0x00000000e0000000,0x00000000e0000000,0x00000000f1300000)
  from space 19968K, 98% used [0x00000000f1300000,0x00000000f2628198,0x00000000f2680000)
  to   space 112640K, 0% used [0x00000000f8100000,0x00000000f8100000,0x00000000fef00000)
 ParOldGen       total 344576K, used 266404K [0x00000000a0000000, 0x00000000b5080000, 0x00000000e0000000)
  object space 344576K, 77% used [0x00000000a0000000,0x00000000b0429318,0x00000000b5080000)
 Metaspace       used 94246K, capacity 98430K, committed 98712K, reserved 1134592K
  class space    used 11859K, capacity 12615K, committed 12712K, reserved 1048576K
}
Event: 6570.119 GC heap before
{Heap before GC invocations=44 (full 4):
 PSYoungGen      total 301568K, used 301216K [0x00000000e0000000, 0x00000000fef00000, 0x0000000100000000)
  eden space 281600K, 100% used [0x00000000e0000000,0x00000000f1300000,0x00000000f1300000)
  from space 19968K, 98% used [0x00000000f1300000,0x00000000f2628198,0x00000000f2680000)
  to   space 112640K, 0% used [0x00000000f8100000,0x00000000f8100000,0x00000000fef00000)
 ParOldGen       total 344576K, used 266404K [0x00000000a0000000, 0x00000000b5080000, 0x00000000e0000000)
  object space 344576K, 77% used [0x00000000a0000000,0x00000000b0429318,0x00000000b5080000)
 Metaspace       used 94367K, capacity 98570K, committed 98712K, reserved 1134592K
  class space    used 11859K, capacity 12615K, committed 12712K, reserved 1048576K
Event: 6570.306 GC heap after
Heap after GC invocations=44 (full 4):
 PSYoungGen      total 372736K, used 104697K [0x00000000e0000000, 0x0000000100000000, 0x0000000100000000)
  eden space 260096K, 0% used [0x00000000e0000000,0x00000000e0000000,0x00000000efe00000)
  from space 112640K, 92% used [0x00000000f8100000,0x00000000fe73e558,0x00000000fef00000)
  to   space 132096K, 0% used [0x00000000efe00000,0x00000000efe00000,0x00000000f7f00000)
 ParOldGen       total 344576K, used 266524K [0x00000000a0000000, 0x00000000b5080000, 0x00000000e0000000)
  object space 344576K, 77% used [0x00000000a0000000,0x00000000b0447318,0x00000000b5080000)
 Metaspace       used 94367K, capacity 98570K, committed 98712K, reserved 1134592K
  class space    used 11859K, capacity 12615K, committed 12712K, reserved 1048576K
}
Event: 6699.289 GC heap before
{Heap before GC invocations=45 (full 4):
 PSYoungGen      total 372736K, used 364793K [0x00000000e0000000, 0x0000000100000000, 0x0000000100000000)
  eden space 260096K, 100% used [0x00000000e0000000,0x00000000efe00000,0x00000000efe00000)
  from space 112640K, 92% used [0x00000000f8100000,0x00000000fe73e558,0x00000000fef00000)
  to   space 132096K, 0% used [0x00000000efe00000,0x00000000efe00000,0x00000000f7f00000)
 ParOldGen       total 344576K, used 266524K [0x00000000a0000000, 0x00000000b5080000, 0x00000000e0000000)
  object space 344576K, 77% used [0x00000000a0000000,0x00000000b0447318,0x00000000b5080000)
 Metaspace       used 94444K, capacity 98710K, committed 98968K, reserved 1136640K
  class space    used 11860K, capacity 12617K, committed 12712K, reserved 1048576K
Event: 6699.323 GC heap after
Heap after GC invocations=45 (full 4):
 PSYoungGen      total 392192K, used 5312K [0x00000000e0000000, 0x0000000100000000, 0x0000000100000000)
  eden space 260096K, 0% used [0x00000000e0000000,0x00000000e0000000,0x00000000efe00000)
  from space 132096K, 4% used [0x00000000efe00000,0x00000000f0330148,0x00000000f7f00000)
  to   space 128000K, 0% used [0x00000000f8300000,0x00000000f8300000,0x0000000100000000)
 ParOldGen       total 344576K, used 266556K [0x00000000a0000000, 0x00000000b5080000, 0x00000000e0000000)
  object space 344576K, 77% used [0x00000000a0000000,0x00000000b044f318,0x00000000b5080000)
 Metaspace       used 94444K, capacity 98710K, committed 98968K, reserved 1136640K
  class space    used 11860K, capacity 12617K, committed 12712K, reserved 1048576K
}
Event: 6704.015 GC heap before
{Heap before GC invocations=46 (full 4):
 PSYoungGen      total 392192K, used 265408K [0x00000000e0000000, 0x0000000100000000, 0x0000000100000000)
  eden space 260096K, 100% used [0x00000000e0000000,0x00000000efe00000,0x00000000efe00000)
  from space 132096K, 4% used [0x00000000efe00000,0x00000000f0330148,0x00000000f7f00000)
  to   space 128000K, 0% used [0x00000000f8300000,0x00000000f8300000,0x0000000100000000)
 ParOldGen       total 344576K, used 266556K [0x00000000a0000000, 0x00000000b5080000, 0x00000000e0000000)
  object space 344576K, 77% used [0x00000000a0000000,0x00000000b044f318,0x00000000b5080000)
 Metaspace       used 95230K, capacity 99430K, committed 99736K, reserved 1136640K
  class space    used 11937K, capacity 12685K, committed 12712K, reserved 1048576K
Event: 6704.041 GC heap after
Heap after GC invocations=46 (full 4):
 PSYoungGen      total 376832K, used 11630K [0x00000000e0000000, 0x00000000ff100000, 0x0000000100000000)
  eden space 264192K, 0% used [0x00000000e0000000,0x00000000e0000000,0x00000000f0200000)
  from space 112640K, 10% used [0x00000000f8300000,0x00000000f8e5bb10,0x00000000ff100000)
  to   space 122368K, 0% used [0x00000000f0200000,0x00000000f0200000,0x00000000f7980000)
 ParOldGen       total 344576K, used 266740K [0x00000000a0000000, 0x00000000b5080000, 0x00000000e0000000)
  object space 344576K, 77% used [0x00000000a0000000,0x00000000b047d318,0x00000000b5080000)
 Metaspace       used 95230K, capacity 99430K, committed 99736K, reserved 1136640K
  class space    used 11937K, capacity 12685K, committed 12712K, reserved 1048576K
}

Deoptimization events (10 events):
Event: 7066.811 Thread 0x000000001f222800 Uncommon trap: reason=unstable_if action=reinterpret pc=0x0000000006545b48 method=org.gradle.internal.operations.OperationIdentifier.equals(Ljava/lang/Object;)Z @ 2
Event: 7066.828 Thread 0x000000001f21a000 Uncommon trap: reason=null_check action=make_not_entrant pc=0x0000000005892de4 method=org.gradle.internal.logging.sink.OutputEventTransformer.onOutput(Lorg/gradle/internal/logging/events/OutputEvent;)V @ 52
Event: 7066.905 Thread 0x000000001f21a000 Uncommon trap: reason=class_check action=maybe_recompile pc=0x00000000067c0a78 method=java.util.Formatter$FormatSpecifier.printInteger(Ljava/lang/Object;Ljava/util/Locale;)V @ 80
Event: 7067.046 Thread 0x000000001f21a000 Uncommon trap: reason=bimorphic action=maybe_recompile pc=0x000000000525b438 method=java.util.Hashtable.put(Ljava/lang/Object;Ljava/lang/Object;)Ljava/lang/Object; @ 18
Event: 7067.047 Thread 0x000000001f21a000 Uncommon trap: reason=bimorphic action=maybe_recompile pc=0x000000000525b438 method=java.util.Hashtable.put(Ljava/lang/Object;Ljava/lang/Object;)Ljava/lang/Object; @ 18
Event: 7067.047 Thread 0x000000001f21a000 Uncommon trap: reason=bimorphic action=maybe_recompile pc=0x000000000525b438 method=java.util.Hashtable.put(Ljava/lang/Object;Ljava/lang/Object;)Ljava/lang/Object; @ 18
Event: 7067.047 Thread 0x000000001f21a000 Uncommon trap: reason=bimorphic action=maybe_recompile pc=0x000000000525b438 method=java.util.Hashtable.put(Ljava/lang/Object;Ljava/lang/Object;)Ljava/lang/Object; @ 18
Event: 7067.047 Thread 0x000000001f21a000 Uncommon trap: reason=bimorphic action=maybe_recompile pc=0x000000000439b96c method=java.util.Hashtable.addEntry(ILjava/lang/Object;Ljava/lang/Object;I)V @ 38
Event: 7067.047 Thread 0x000000001f21a000 Uncommon trap: reason=bimorphic action=maybe_recompile pc=0x000000000439b96c method=java.util.Hashtable.addEntry(ILjava/lang/Object;Ljava/lang/Object;I)V @ 38
Event: 7067.047 Thread 0x000000001f21a000 Uncommon trap: reason=bimorphic action=maybe_recompile pc=0x000000000439b96c method=java.util.Hashtable.addEntry(ILjava/lang/Object;Ljava/lang/Object;I)V @ 38

Classes redefined (0 events):
No events

Internal exceptions (10 events):
Event: 7066.421 Thread 0x000000001f21a000 Exception <a 'java/lang/NoSuchMethodError': <clinit>> (0x00000000e3848838) thrown at [D:\src\AOSP-openjdk-cygwin\jdk8u\hotspot\src\share\vm\prims\jni.cpp, line 1613]
Event: 7066.422 Thread 0x000000001f21a000 Exception <a 'java/lang/NoSuchMethodError': <clinit>> (0x00000000e3849eb8) thrown at [D:\src\AOSP-openjdk-cygwin\jdk8u\hotspot\src\share\vm\prims\jni.cpp, line 1613]
Event: 7066.513 Thread 0x000000001f21a000 Exception <a 'java/lang/ClassNotFoundException': sync_java_lib_2bj98y320md960cbz3g9ndw7nBeanInfo> (0x00000000e39039a8) thrown at [D:\src\AOSP-openjdk-cygwin\jdk8u\hotspot\src\share\vm\classfile\systemDictionary.cpp, line 210]
Event: 7066.514 Thread 0x000000001f21a000 Exception <a 'java/lang/ClassNotFoundException': org/gradle/initialization/InitScriptBeanInfo> (0x00000000e3916e78) thrown at [D:\src\AOSP-openjdk-cygwin\jdk8u\hotspot\src\share\vm\classfile\systemDictionary.cpp, line 210]
Event: 7066.514 Thread 0x000000001f21a000 Exception <a 'java/lang/ClassNotFoundException': org/gradle/initialization/InitScriptCustomizer> (0x00000000e392a860) thrown at [D:\src\AOSP-openjdk-cygwin\jdk8u\hotspot\src\share\vm\classfile\systemDictionary.cpp, line 210]
Event: 7066.518 Thread 0x000000001f21a000 Exception <a 'java/lang/ClassNotFoundException': sync_java_lib_2bj98y320md960cbz3g9ndw7nCustomizer> (0x00000000e3946808) thrown at [D:\src\AOSP-openjdk-cygwin\jdk8u\hotspot\src\share\vm\classfile\systemDictionary.cpp, line 210]
Event: 7066.603 Thread 0x000000001f21a000 Exception <a 'java/lang/ClassNotFoundException': sync_java_lib_2bj98y320md960cbz3g9ndw7nBeanInfo> (0x00000000e3b913c8) thrown at [D:\src\AOSP-openjdk-cygwin\jdk8u\hotspot\src\share\vm\classfile\systemDictionary.cpp, line 210]
Event: 7066.603 Thread 0x000000001f21a000 Exception <a 'java/lang/ClassNotFoundException': sync_java_lib_2bj98y320md960cbz3g9ndw7nCustomizer> (0x00000000e3b9d6b8) thrown at [D:\src\AOSP-openjdk-cygwin\jdk8u\hotspot\src\share\vm\classfile\systemDictionary.cpp, line 210]
Event: 7066.617 Thread 0x000000001f21a000 Implicit null exception at 0x0000000003c0d6e5 to 0x0000000003c0dbd9
Event: 7066.828 Thread 0x000000001f21a000 Implicit null exception at 0x000000000588ffac to 0x0000000005892dd5

Events (10 events):
Event: 7067.047 Thread 0x000000001f21a000 DEOPT PACKING pc=0x000000000439b96c sp=0x000000001aa79bb0
Event: 7067.047 Thread 0x000000001f21a000 DEOPT UNPACKING pc=0x0000000002f9557b sp=0x000000001aa79b78 mode 2
Event: 7067.047 Thread 0x000000001f21a000 Uncommon trap: trap_request=0xffffffc6 fr.pc=0x000000000439b96c
Event: 7067.047 Thread 0x000000001f21a000 DEOPT PACKING pc=0x000000000439b96c sp=0x000000001aa79bb0
Event: 7067.047 Thread 0x000000001f21a000 DEOPT UNPACKING pc=0x0000000002f9557b sp=0x000000001aa79b78 mode 2
Event: 7067.047 Thread 0x000000001f21a000 Uncommon trap: trap_request=0xffffffc6 fr.pc=0x000000000439b96c
Event: 7067.047 Thread 0x000000001f21a000 DEOPT PACKING pc=0x000000000439b96c sp=0x000000001aa79bb0
Event: 7067.047 Thread 0x000000001f21a000 DEOPT UNPACKING pc=0x0000000002f9557b sp=0x000000001aa79b78 mode 2
Event: 7067.047 loading class org/codehaus/groovy/antlr/parser/GroovyRecognizer
Event: 7067.047 loading class org/codehaus/groovy/antlr/parser/GroovyRecognizer done


Dynamic libraries:
0x00007ff710040000 - 0x00007ff710071000 	C:\Program Files\Android\Android Studio\jre\bin\java.exe
0x00007ffaa7680000 - 0x00007ffaa7870000 	C:\WINDOWS\SYSTEM32\ntdll.dll
0x00007ffaa6fb0000 - 0x00007ffaa7062000 	C:\WINDOWS\System32\KERNEL32.DLL
0x00007ffaa53e0000 - 0x00007ffaa5683000 	C:\WINDOWS\System32\KERNELBASE.dll
0x00007ffaa5d90000 - 0x00007ffaa5e33000 	C:\WINDOWS\System32\ADVAPI32.dll
0x00007ffaa5e40000 - 0x00007ffaa5ede000 	C:\WINDOWS\System32\msvcrt.dll
0x00007ffaa6820000 - 0x00007ffaa68b7000 	C:\WINDOWS\System32\sechost.dll
0x00007ffaa7520000 - 0x00007ffaa7640000 	C:\WINDOWS\System32\RPCRT4.dll
0x00007ffaa5b20000 - 0x00007ffaa5cb3000 	C:\WINDOWS\System32\USER32.dll
0x00007ffaa5690000 - 0x00007ffaa56b1000 	C:\WINDOWS\System32\win32u.dll
0x00007ffaa74e0000 - 0x00007ffaa7506000 	C:\WINDOWS\System32\GDI32.dll
0x00007ffaa5210000 - 0x00007ffaa53a4000 	C:\WINDOWS\System32\gdi32full.dll
0x00007ffaa48a0000 - 0x00007ffaa493e000 	C:\WINDOWS\System32\msvcp_win.dll
0x00007ffaa47a0000 - 0x00007ffaa489a000 	C:\WINDOWS\System32\ucrtbase.dll
0x00007ffa92850000 - 0x00007ffa92ad5000 	C:\WINDOWS\WinSxS\amd64_microsoft.windows.common-controls_6595b64144ccf1df_6.0.18362.295_none_e6c3acbd13101292\COMCTL32.dll
0x00007ffaa64e0000 - 0x00007ffaa6816000 	C:\WINDOWS\System32\combase.dll
0x00007ffaa46c0000 - 0x00007ffaa4740000 	C:\WINDOWS\System32\bcryptPrimitives.dll
0x00007ffaa5af0000 - 0x00007ffaa5b1e000 	C:\WINDOWS\System32\IMM32.DLL
0x000000005a620000 - 0x000000005a6f2000 	C:\Program Files\Android\Android Studio\jre\jre\bin\msvcr100.dll
0x000000005a960000 - 0x000000005b1a1000 	C:\Program Files\Android\Android Studio\jre\jre\bin\server\jvm.dll
0x00007ffaa7510000 - 0x00007ffaa7518000 	C:\WINDOWS\System32\PSAPI.DLL
0x00007ffaa11c0000 - 0x00007ffaa11e4000 	C:\WINDOWS\SYSTEM32\WINMM.dll
0x00007ffa9bed0000 - 0x00007ffa9beda000 	C:\WINDOWS\SYSTEM32\VERSION.dll
0x00007ffa968a0000 - 0x00007ffa968a9000 	C:\WINDOWS\SYSTEM32\WSOCK32.dll
0x00007ffaa1190000 - 0x00007ffaa11bd000 	C:\WINDOWS\SYSTEM32\WINMMBASE.dll
0x00007ffaa56e0000 - 0x00007ffaa572a000 	C:\WINDOWS\System32\cfgmgr32.dll
0x00007ffaa6470000 - 0x00007ffaa64df000 	C:\WINDOWS\System32\WS2_32.dll
0x00007ffa96890000 - 0x00007ffa9689f000 	C:\Program Files\Android\Android Studio\jre\jre\bin\verify.dll
0x00007ffa92140000 - 0x00007ffa92169000 	C:\Program Files\Android\Android Studio\jre\jre\bin\java.dll
0x00007ffa91ed0000 - 0x00007ffa91ee6000 	C:\Program Files\Android\Android Studio\jre\jre\bin\zip.dll
0x00007ffaa68c0000 - 0x00007ffaa6fa2000 	C:\WINDOWS\System32\SHELL32.dll
0x00007ffaa5ee0000 - 0x00007ffaa5f89000 	C:\WINDOWS\System32\shcore.dll
0x00007ffaa4940000 - 0x00007ffaa50bc000 	C:\WINDOWS\System32\windows.storage.dll
0x00007ffaa45d0000 - 0x00007ffaa45ef000 	C:\WINDOWS\System32\profapi.dll
0x00007ffaa4580000 - 0x00007ffaa45ca000 	C:\WINDOWS\System32\powrprof.dll
0x00007ffaa4550000 - 0x00007ffaa4560000 	C:\WINDOWS\System32\UMPDC.dll
0x00007ffaa5800000 - 0x00007ffaa5852000 	C:\WINDOWS\System32\shlwapi.dll
0x00007ffaa45f0000 - 0x00007ffaa4601000 	C:\WINDOWS\System32\kernel.appcore.dll
0x00007ffaa56c0000 - 0x00007ffaa56d7000 	C:\WINDOWS\System32\cryptsp.dll
0x00007ffa91eb0000 - 0x00007ffa91eca000 	C:\Program Files\Android\Android Studio\jre\jre\bin\net.dll
0x00007ffaa3d60000 - 0x00007ffaa3dc7000 	C:\WINDOWS\system32\mswsock.dll
0x00007ffa91e90000 - 0x00007ffa91ea1000 	C:\Program Files\Android\Android Studio\jre\jre\bin\nio.dll
0x00007ffa98500000 - 0x00007ffa9851e000 	C:\Users\Ashfaque\.gradle\native\25\windows-amd64\native-platform.dll
0x00007ffa94ee0000 - 0x00007ffa94eed000 	C:\Program Files\Android\Android Studio\jre\jre\bin\management.dll
0x00007ffaa38d0000 - 0x00007ffaa3903000 	C:\WINDOWS\system32\rsaenh.dll
0x00007ffaa53b0000 - 0x00007ffaa53d6000 	C:\WINDOWS\System32\bcrypt.dll
0x00007ffaa4440000 - 0x00007ffaa4465000 	C:\WINDOWS\SYSTEM32\USERENV.dll
0x00007ffaa3f30000 - 0x00007ffaa3f3c000 	C:\WINDOWS\SYSTEM32\CRYPTBASE.dll
0x00007ffaa3a70000 - 0x00007ffaa3aaa000 	C:\WINDOWS\SYSTEM32\IPHLPAPI.DLL
0x00007ffaa5730000 - 0x00007ffaa5738000 	C:\WINDOWS\System32\NSI.dll
0x00007ffa9ff50000 - 0x00007ffa9ff66000 	C:\WINDOWS\SYSTEM32\dhcpcsvc6.DLL
0x00007ffa9ff10000 - 0x00007ffa9ff2c000 	C:\WINDOWS\SYSTEM32\dhcpcsvc.DLL
0x00007ffaa3ab0000 - 0x00007ffaa3b7a000 	C:\WINDOWS\SYSTEM32\DNSAPI.dll
0x00007ffa8df00000 - 0x00007ffa8df24000 	C:\Program Files\Android\Android Studio\jre\jre\bin\sunec.dll
0x00007ffa9e820000 - 0x00007ffa9e82a000 	C:\Windows\System32\rasadhlp.dll
0x00007ffa9fac0000 - 0x00007ffa9fb37000 	C:\WINDOWS\System32\fwpuclnt.dll
0x00007ffa965f0000 - 0x00007ffa965fb000 	C:\Program Files\Android\Android Studio\jre\jre\bin\sunmscapi.dll
0x00007ffaa50c0000 - 0x00007ffaa5209000 	C:\WINDOWS\System32\CRYPT32.dll
0x00007ffaa4560000 - 0x00007ffaa4572000 	C:\WINDOWS\System32\MSASN1.dll
0x00007ffa99c70000 - 0x00007ffa99e64000 	C:\WINDOWS\SYSTEM32\dbghelp.dll

VM Arguments:
jvm_args: -Xmx1536m -Dfile.encoding=windows-1252 -Duser.country=US -Duser.language=en -Duser.variant 
java_command: org.gradle.launcher.daemon.bootstrap.GradleDaemon 5.1.1
java_class_path (initial): C:\Users\Ashfaque\.gradle\wrapper\dists\gradle-5.1.1-all\97z1ksx6lirer3kbvdnh7jtjg\gradle-5.1.1\lib\gradle-launcher-5.1.1.jar
Launcher Type: SUN_STANDARD

Environment Variables:
PATH=C:\WINDOWS\system32;C:\WINDOWS;C:\WINDOWS\System32\Wbem;C:\WINDOWS\System32\WindowsPowerShell\v1.0\;C:\WINDOWS\System32\OpenSSH\;C:\Users\Ashfaque\AppData\Local\Microsoft\WindowsApps;
USERNAME=Ashfaque
OS=Windows_NT
PROCESSOR_IDENTIFIER=Intel64 Family 6 Model 58 Stepping 9, GenuineIntel



---------------  S Y S T E M  ---------------

OS: Windows 10.0 , 64 bit Build 18362 (10.0.18362.86)

CPU:total 4 (initial active 4) (2 cores per cpu, 2 threads per core) family 6 model 58 stepping 9, cmov, cx8, fxsr, mmx, sse, sse2, sse3, ssse3, sse4.1, sse4.2, popcnt, avx, clmul, erms, ht, tsc, tscinvbit, tscinv

Memory: 4k page, physical 10177164k(2996336k free), swap 15694088k(4433116k free)

vm_info: OpenJDK 64-Bit Server VM (25.152-b01) for windows-amd64 JRE (1.8.0_152-release-1343-b01), built by "builder" with MS VC++ 10.0 (VS2010)

time: Sun Aug 25 14:57:41 2019
elapsed time: 7067 seconds (0d 1h 57m 47s)

